c:\users\l4\desktop\workspace\scanner\scanner\x64\release\main.obj
c:\users\l4\desktop\workspace\scanner\scanner\x64\release\alinelaser.obj
c:\users\l4\desktop\workspace\scanner\scanner\x64\release\moc_auserinterface.obj
c:\users\l4\desktop\workspace\scanner\scanner\x64\release\qrc_auserinterface.obj
c:\users\l4\desktop\workspace\scanner\scanner\x64\release\auserinterface.obj
c:\users\l4\desktop\workspace\scanner\scanner\x64\release\ascancamera.obj
c:\users\l4\desktop\workspace\scanner\scanner\x64\release\ascanner.obj
c:\users\l4\desktop\workspace\scanner\scanner\x64\release\acheckerboard.obj
c:\users\l4\desktop\workspace\scanner\scanner\x64\release\ascannerhelper.obj
c:\users\l4\desktop\workspace\scanner\x64\release\scanner.exe
c:\users\l4\desktop\workspace\scanner\scanner\.\generatedfiles\release\moc_auserinterface.cpp
c:\users\l4\desktop\workspace\scanner\scanner\x64\release\scanner.res
c:\users\l4\desktop\workspace\scanner\scanner\.\generatedfiles\qrc_auserinterface.cpp
c:\users\l4\desktop\workspace\scanner\scanner\generatedfiles\ui_auserinterface.h
c:\users\l4\desktop\workspace\scanner\scanner\generatedfiles\qrc_auserinterface.cpp
c:\users\l4\desktop\workspace\scanner\scanner\generatedfiles\release\moc_auserinterface.cpp
c:\users\l4\desktop\workspace\scanner\scanner\.\generatedfiles\ui_auserinterface.h
c:\users\l4\desktop\workspace\scanner\scanner\x64\release\scanner.tlog\cl.command.1.tlog
c:\users\l4\desktop\workspace\scanner\scanner\x64\release\scanner.tlog\cl.read.1.tlog
c:\users\l4\desktop\workspace\scanner\scanner\x64\release\scanner.tlog\cl.write.1.tlog
c:\users\l4\desktop\workspace\scanner\scanner\x64\release\scanner.tlog\link.command.1.tlog
c:\users\l4\desktop\workspace\scanner\scanner\x64\release\scanner.tlog\link.read.1.tlog
c:\users\l4\desktop\workspace\scanner\scanner\x64\release\scanner.tlog\link.write.1.tlog
c:\users\l4\desktop\workspace\scanner\scanner\x64\release\scanner.tlog\moc.read.1u.tlog
c:\users\l4\desktop\workspace\scanner\scanner\x64\release\scanner.tlog\moc.write.1u.tlog
c:\users\l4\desktop\workspace\scanner\scanner\x64\release\scanner.tlog\rc.command.1.tlog
c:\users\l4\desktop\workspace\scanner\scanner\x64\release\scanner.tlog\rc.read.1.tlog
c:\users\l4\desktop\workspace\scanner\scanner\x64\release\scanner.tlog\rc.write.1.tlog
c:\users\l4\desktop\workspace\scanner\scanner\x64\release\scanner.tlog\rcc.read.1u.tlog
c:\users\l4\desktop\workspace\scanner\scanner\x64\release\scanner.tlog\rcc.write.1u.tlog
c:\users\l4\desktop\workspace\scanner\scanner\x64\release\scanner.tlog\scanner.write.1u.tlog
c:\users\l4\desktop\workspace\scanner\scanner\x64\release\scanner.tlog\uic.read.1u.tlog
c:\users\l4\desktop\workspace\scanner\scanner\x64\release\scanner.tlog\uic.write.1u.tlog
